2024-10-17T00:00:52.497+03:00  INFO 20188 --- [eureka-server] [Eureka-EvictionTimer] c.n.e.registry.AbstractInstanceRegistry  : Running the evict task with compensationTime 3ms
2024-10-17T00:01:52.497+03:00  INFO 20188 --- [eureka-server] [Eureka-EvictionTimer] c.n.e.registry.AbstractInstanceRegistry  : Running the evict task with compensationTime 0ms
2024-10-17T00:02:52.500+03:00  INFO 20188 --- [eureka-server] [Eureka-EvictionTimer] c.n.e.registry.AbstractInstanceRegistry  : Running the evict task with compensationTime 2ms
2024-10-17T00:03:50.218+03:00  INFO 20188 --- [eureka-server] [ReplicaAwareInstanceRegistry - RenewalThresholdUpdater] c.n.e.r.PeerAwareInstanceRegistryImpl    : Current renewal threshold is : 8
2024-10-17T00:03:52.500+03:00  INFO 20188 --- [eureka-server] [Eureka-EvictionTimer] c.n.e.registry.AbstractInstanceRegistry  : Running the evict task with compensationTime 0ms
2024-10-17T00:04:52.508+03:00  INFO 20188 --- [eureka-server] [Eureka-EvictionTimer] c.n.e.registry.AbstractInstanceRegistry  : Running the evict task with compensationTime 8ms
2024-10-17T00:05:52.523+03:00  INFO 20188 --- [eureka-server] [Eureka-EvictionTimer] c.n.e.registry.AbstractInstanceRegistry  : Running the evict task with compensationTime 14ms
2024-10-17T00:06:52.527+03:00  INFO 20188 --- [eureka-server] [Eureka-EvictionTimer] c.n.e.registry.AbstractInstanceRegistry  : Running the evict task with compensationTime 4ms
2024-10-17T00:07:52.534+03:00  INFO 20188 --- [eureka-server] [Eureka-EvictionTimer] c.n.e.registry.AbstractInstanceRegistry  : Running the evict task with compensationTime 6ms
2024-10-17T00:08:25.346+03:00  INFO 20188 --- [eureka-server] [http-nio-8761-exec-9] c.n.e.registry.AbstractInstanceRegistry  : Registered instance STATISTIC/host.docker.internal:STATISTIC:9095 with status DOWN (replication=false)
2024-10-17T00:08:25.860+03:00  INFO 20188 --- [eureka-server] [http-nio-8761-exec-2] c.n.e.registry.AbstractInstanceRegistry  : Registered instance STATISTIC/host.docker.internal:STATISTIC:9095 with status DOWN (replication=true)
2024-10-17T00:08:28.601+03:00  INFO 20188 --- [eureka-server] [http-nio-8761-exec-1] c.n.e.registry.AbstractInstanceRegistry  : Cancelled instance STATISTIC/host.docker.internal:STATISTIC:9095 (replication=false)
2024-10-17T00:08:29.119+03:00  WARN 20188 --- [eureka-server] [http-nio-8761-exec-3] c.n.e.registry.AbstractInstanceRegistry  : DS: Registry: cancel failed because Lease is not registered for: STATISTIC/host.docker.internal:STATISTIC:9095
2024-10-17T00:08:29.119+03:00  INFO 20188 --- [eureka-server] [http-nio-8761-exec-3] c.n.eureka.resources.InstanceResource    : Not Found (Cancel): STATISTIC - host.docker.internal:STATISTIC:9095
2024-10-17T00:08:29.119+03:00  WARN 20188 --- [eureka-server] [TaskBatchingWorker-target_localhost-19] c.n.eureka.cluster.ReplicationTask       : The replication of task STATISTIC/host.docker.internal:STATISTIC:9095:Cancel@localhost failed with response code 404
2024-10-17T00:08:29.119+03:00  WARN 20188 --- [eureka-server] [TaskBatchingWorker-target_localhost-19] c.netflix.eureka.cluster.PeerEurekaNode  : STATISTIC/host.docker.internal:STATISTIC:9095:Cancel@localhost: missing entry.
2024-10-17T00:08:52.538+03:00  INFO 20188 --- [eureka-server] [Eureka-EvictionTimer] c.n.e.registry.AbstractInstanceRegistry  : Running the evict task with compensationTime 4ms
2024-10-17T00:09:52.542+03:00  INFO 20188 --- [eureka-server] [Eureka-EvictionTimer] c.n.e.registry.AbstractInstanceRegistry  : Running the evict task with compensationTime 3ms
2024-10-17T00:10:12.935+03:00  INFO 20188 --- [eureka-server] [http-nio-8761-exec-8] c.n.e.registry.AbstractInstanceRegistry  : Registered instance STATISTIC/host.docker.internal:STATISTIC:9095 with status UP (replication=false)
2024-10-17T00:10:13.465+03:00  INFO 20188 --- [eureka-server] [http-nio-8761-exec-7] c.n.e.registry.AbstractInstanceRegistry  : Registered instance STATISTIC/host.docker.internal:STATISTIC:9095 with status UP (replication=true)
2024-10-17T00:10:52.550+03:00  INFO 20188 --- [eureka-server] [Eureka-EvictionTimer] c.n.e.registry.AbstractInstanceRegistry  : Running the evict task with compensationTime 8ms
2024-10-17T00:11:33.591+03:00  INFO 20188 --- [eureka-server] [http-nio-8761-exec-1] c.n.e.registry.AbstractInstanceRegistry  : Registered instance STATISTIC/host.docker.internal:STATISTIC:9095 with status DOWN (replication=false)
2024-10-17T00:11:34.110+03:00  INFO 20188 --- [eureka-server] [http-nio-8761-exec-5] c.n.e.registry.AbstractInstanceRegistry  : Registered instance STATISTIC/host.docker.internal:STATISTIC:9095 with status DOWN (replication=true)
2024-10-17T00:11:36.631+03:00  INFO 20188 --- [eureka-server] [http-nio-8761-exec-6] c.n.e.registry.AbstractInstanceRegistry  : Cancelled instance STATISTIC/host.docker.internal:STATISTIC:9095 (replication=false)
2024-10-17T00:11:37.162+03:00  WARN 20188 --- [eureka-server] [http-nio-8761-exec-8] c.n.e.registry.AbstractInstanceRegistry  : DS: Registry: cancel failed because Lease is not registered for: STATISTIC/host.docker.internal:STATISTIC:9095
2024-10-17T00:11:37.162+03:00  INFO 20188 --- [eureka-server] [http-nio-8761-exec-8] c.n.eureka.resources.InstanceResource    : Not Found (Cancel): STATISTIC - host.docker.internal:STATISTIC:9095
2024-10-17T00:11:37.162+03:00  WARN 20188 --- [eureka-server] [TaskBatchingWorker-target_localhost-1] c.n.eureka.cluster.ReplicationTask       : The replication of task STATISTIC/host.docker.internal:STATISTIC:9095:Cancel@localhost failed with response code 404
2024-10-17T00:11:37.162+03:00  WARN 20188 --- [eureka-server] [TaskBatchingWorker-target_localhost-1] c.netflix.eureka.cluster.PeerEurekaNode  : STATISTIC/host.docker.internal:STATISTIC:9095:Cancel@localhost: missing entry.
2024-10-17T00:11:44.279+03:00  INFO 20188 --- [eureka-server] [http-nio-8761-exec-7] c.n.e.registry.AbstractInstanceRegistry  : Registered instance STATISTIC/host.docker.internal:STATISTIC:9095 with status UP (replication=false)
2024-10-17T00:11:44.796+03:00  INFO 20188 --- [eureka-server] [http-nio-8761-exec-10] c.n.e.registry.AbstractInstanceRegistry  : Registered instance STATISTIC/host.docker.internal:STATISTIC:9095 with status UP (replication=true)
2024-10-17T00:11:52.562+03:00  INFO 20188 --- [eureka-server] [Eureka-EvictionTimer] c.n.e.registry.AbstractInstanceRegistry  : Running the evict task with compensationTime 12ms
2024-10-17T00:12:52.576+03:00  INFO 20188 --- [eureka-server] [Eureka-EvictionTimer] c.n.e.registry.AbstractInstanceRegistry  : Running the evict task with compensationTime 13ms
2024-10-17T00:13:52.588+03:00  INFO 20188 --- [eureka-server] [Eureka-EvictionTimer] c.n.e.registry.AbstractInstanceRegistry  : Running the evict task with compensationTime 12ms
2024-10-17T00:14:52.591+03:00  INFO 20188 --- [eureka-server] [Eureka-EvictionTimer] c.n.e.registry.AbstractInstanceRegistry  : Running the evict task with compensationTime 2ms
2024-10-17T00:15:52.605+03:00  INFO 20188 --- [eureka-server] [Eureka-EvictionTimer] c.n.e.registry.AbstractInstanceRegistry  : Running the evict task with compensationTime 14ms
2024-10-17T00:16:52.617+03:00  INFO 20188 --- [eureka-server] [Eureka-EvictionTimer] c.n.e.registry.AbstractInstanceRegistry  : Running the evict task with compensationTime 11ms
2024-10-17T00:17:52.616+03:00  INFO 20188 --- [eureka-server] [Eureka-EvictionTimer] c.n.e.registry.AbstractInstanceRegistry  : Running the evict task with compensationTime 0ms
2024-10-17T00:18:50.229+03:00  INFO 20188 --- [eureka-server] [ReplicaAwareInstanceRegistry - RenewalThresholdUpdater] c.n.e.r.PeerAwareInstanceRegistryImpl    : Current renewal threshold is : 8
2024-10-17T00:18:52.629+03:00  INFO 20188 --- [eureka-server] [Eureka-EvictionTimer] c.n.e.registry.AbstractInstanceRegistry  : Running the evict task with compensationTime 12ms
2024-10-17T00:19:52.641+03:00  INFO 20188 --- [eureka-server] [Eureka-EvictionTimer] c.n.e.registry.AbstractInstanceRegistry  : Running the evict task with compensationTime 12ms
2024-10-17T00:20:52.647+03:00  INFO 20188 --- [eureka-server] [Eureka-EvictionTimer] c.n.e.registry.AbstractInstanceRegistry  : Running the evict task with compensationTime 6ms
2024-10-17T00:21:52.652+03:00  INFO 20188 --- [eureka-server] [Eureka-EvictionTimer] c.n.e.registry.AbstractInstanceRegistry  : Running the evict task with compensationTime 4ms
2024-10-17T00:22:52.654+03:00  INFO 20188 --- [eureka-server] [Eureka-EvictionTimer] c.n.e.registry.AbstractInstanceRegistry  : Running the evict task with compensationTime 2ms
2024-10-17T00:23:52.663+03:00  INFO 20188 --- [eureka-server] [Eureka-EvictionTimer] c.n.e.registry.AbstractInstanceRegistry  : Running the evict task with compensationTime 8ms
2024-10-17T00:24:52.675+03:00  INFO 20188 --- [eureka-server] [Eureka-EvictionTimer] c.n.e.registry.AbstractInstanceRegistry  : Running the evict task with compensationTime 12ms
2024-10-17T00:25:52.678+03:00  INFO 20188 --- [eureka-server] [Eureka-EvictionTimer] c.n.e.registry.AbstractInstanceRegistry  : Running the evict task with compensationTime 3ms
2024-10-17T00:26:52.685+03:00  INFO 20188 --- [eureka-server] [Eureka-EvictionTimer] c.n.e.registry.AbstractInstanceRegistry  : Running the evict task with compensationTime 6ms
2024-10-17T00:27:52.691+03:00  INFO 20188 --- [eureka-server] [Eureka-EvictionTimer] c.n.e.registry.AbstractInstanceRegistry  : Running the evict task with compensationTime 6ms
2024-10-17T00:28:52.696+03:00  INFO 20188 --- [eureka-server] [Eureka-EvictionTimer] c.n.e.registry.AbstractInstanceRegistry  : Running the evict task with compensationTime 5ms
2024-10-17T00:29:52.709+03:00  INFO 20188 --- [eureka-server] [Eureka-EvictionTimer] c.n.e.registry.AbstractInstanceRegistry  : Running the evict task with compensationTime 13ms
2024-10-17T00:30:52.712+03:00  INFO 20188 --- [eureka-server] [Eureka-EvictionTimer] c.n.e.registry.AbstractInstanceRegistry  : Running the evict task with compensationTime 2ms
2024-10-17T00:31:52.726+03:00  INFO 20188 --- [eureka-server] [Eureka-EvictionTimer] c.n.e.registry.AbstractInstanceRegistry  : Running the evict task with compensationTime 14ms
2024-10-17T00:32:52.738+03:00  INFO 20188 --- [eureka-server] [Eureka-EvictionTimer] c.n.e.registry.AbstractInstanceRegistry  : Running the evict task with compensationTime 11ms
2024-10-17T00:33:19.051+03:00  INFO 20188 --- [eureka-server] [http-nio-8761-exec-3] c.n.e.registry.AbstractInstanceRegistry  : Registered instance STATISTIC/host.docker.internal:STATISTIC:9095 with status DOWN (replication=false)
2024-10-17T00:33:19.531+03:00  INFO 20188 --- [eureka-server] [http-nio-8761-exec-4] c.n.e.registry.AbstractInstanceRegistry  : Registered instance STATISTIC/host.docker.internal:STATISTIC:9095 with status DOWN (replication=true)
2024-10-17T00:33:19.533+03:00  WARN 20188 --- [eureka-server] [TaskBatchingWorker-target_localhost-5] c.n.eureka.cluster.ReplicationTask       : The replication of task STATISTIC/host.docker.internal:STATISTIC:9095:Heartbeat@localhost failed with response code 409
2024-10-17T00:33:19.534+03:00  WARN 20188 --- [eureka-server] [TaskBatchingWorker-target_localhost-5] c.netflix.eureka.cluster.PeerEurekaNode  : Peer wants us to take the instance information from it, since the timestamp differs,Id : host.docker.internal:STATISTIC:9095 My Timestamp : 1729113104244, Peer's timestamp: 1729114399045
2024-10-17T00:33:19.534+03:00  INFO 20188 --- [eureka-server] [TaskBatchingWorker-target_localhost-5] c.n.e.registry.AbstractInstanceRegistry  : Registered instance STATISTIC/host.docker.internal:STATISTIC:9095 with status DOWN (replication=true)
2024-10-17T00:33:22.420+03:00  INFO 20188 --- [eureka-server] [http-nio-8761-exec-10] c.n.e.registry.AbstractInstanceRegistry  : Cancelled instance STATISTIC/host.docker.internal:STATISTIC:9095 (replication=false)
2024-10-17T00:33:22.950+03:00  WARN 20188 --- [eureka-server] [http-nio-8761-exec-9] c.n.e.registry.AbstractInstanceRegistry  : DS: Registry: cancel failed because Lease is not registered for: STATISTIC/host.docker.internal:STATISTIC:9095
2024-10-17T00:33:22.950+03:00  INFO 20188 --- [eureka-server] [http-nio-8761-exec-9] c.n.eureka.resources.InstanceResource    : Not Found (Cancel): STATISTIC - host.docker.internal:STATISTIC:9095
2024-10-17T00:33:22.950+03:00  WARN 20188 --- [eureka-server] [TaskBatchingWorker-target_localhost-4] c.n.eureka.cluster.ReplicationTask       : The replication of task STATISTIC/host.docker.internal:STATISTIC:9095:Cancel@localhost failed with response code 404
2024-10-17T00:33:22.950+03:00  WARN 20188 --- [eureka-server] [TaskBatchingWorker-target_localhost-4] c.netflix.eureka.cluster.PeerEurekaNode  : STATISTIC/host.docker.internal:STATISTIC:9095:Cancel@localhost: missing entry.
2024-10-17T00:33:30.775+03:00  INFO 20188 --- [eureka-server] [http-nio-8761-exec-3] c.n.e.registry.AbstractInstanceRegistry  : Registered instance STATISTIC/host.docker.internal:STATISTIC:9095 with status UP (replication=false)
2024-10-17T00:33:31.300+03:00  INFO 20188 --- [eureka-server] [http-nio-8761-exec-10] c.n.e.registry.AbstractInstanceRegistry  : Registered instance STATISTIC/host.docker.internal:STATISTIC:9095 with status UP (replication=true)
2024-10-17T00:33:50.242+03:00  INFO 20188 --- [eureka-server] [ReplicaAwareInstanceRegistry - RenewalThresholdUpdater] c.n.e.r.PeerAwareInstanceRegistryImpl    : Current renewal threshold is : 8
2024-10-17T00:33:52.751+03:00  INFO 20188 --- [eureka-server] [Eureka-EvictionTimer] c.n.e.registry.AbstractInstanceRegistry  : Running the evict task with compensationTime 13ms
2024-10-17T00:34:52.760+03:00  INFO 20188 --- [eureka-server] [Eureka-EvictionTimer] c.n.e.registry.AbstractInstanceRegistry  : Running the evict task with compensationTime 9ms
2024-10-17T00:35:52.773+03:00  INFO 20188 --- [eureka-server] [Eureka-EvictionTimer] c.n.e.registry.AbstractInstanceRegistry  : Running the evict task with compensationTime 12ms
2024-10-17T00:36:52.782+03:00  INFO 20188 --- [eureka-server] [Eureka-EvictionTimer] c.n.e.registry.AbstractInstanceRegistry  : Running the evict task with compensationTime 8ms
2024-10-17T00:37:42.100+03:00  INFO 20188 --- [eureka-server] [http-nio-8761-exec-9] c.n.e.registry.AbstractInstanceRegistry  : Registered instance AUTH/host.docker.internal:AUTH:9090 with status DOWN (replication=false)
2024-10-17T00:37:42.618+03:00  INFO 20188 --- [eureka-server] [http-nio-8761-exec-7] c.n.e.registry.AbstractInstanceRegistry  : Registered instance AUTH/host.docker.internal:AUTH:9090 with status DOWN (replication=true)
2024-10-17T00:37:45.136+03:00  INFO 20188 --- [eureka-server] [http-nio-8761-exec-10] c.n.e.registry.AbstractInstanceRegistry  : Cancelled instance AUTH/host.docker.internal:AUTH:9090 (replication=false)
2024-10-17T00:37:45.658+03:00  WARN 20188 --- [eureka-server] [http-nio-8761-exec-3] c.n.e.registry.AbstractInstanceRegistry  : DS: Registry: cancel failed because Lease is not registered for: AUTH/host.docker.internal:AUTH:9090
2024-10-17T00:37:45.658+03:00  INFO 20188 --- [eureka-server] [http-nio-8761-exec-3] c.n.eureka.resources.InstanceResource    : Not Found (Cancel): AUTH - host.docker.internal:AUTH:9090
2024-10-17T00:37:45.659+03:00  WARN 20188 --- [eureka-server] [TaskBatchingWorker-target_localhost-9] c.n.eureka.cluster.ReplicationTask       : The replication of task AUTH/host.docker.internal:AUTH:9090:Cancel@localhost failed with response code 404
2024-10-17T00:37:45.659+03:00  WARN 20188 --- [eureka-server] [TaskBatchingWorker-target_localhost-9] c.netflix.eureka.cluster.PeerEurekaNode  : AUTH/host.docker.internal:AUTH:9090:Cancel@localhost: missing entry.
2024-10-17T00:37:52.657+03:00  INFO 20188 --- [eureka-server] [http-nio-8761-exec-9] c.n.e.registry.AbstractInstanceRegistry  : Registered instance AUTH/host.docker.internal:AUTH:9090 with status UP (replication=false)
2024-10-17T00:37:52.786+03:00  INFO 20188 --- [eureka-server] [Eureka-EvictionTimer] c.n.e.registry.AbstractInstanceRegistry  : Running the evict task with compensationTime 4ms
2024-10-17T00:37:53.181+03:00  INFO 20188 --- [eureka-server] [http-nio-8761-exec-7] c.n.e.registry.AbstractInstanceRegistry  : Registered instance AUTH/host.docker.internal:AUTH:9090 with status UP (replication=true)
2024-10-17T00:38:28.137+03:00  INFO 20188 --- [eureka-server] [http-nio-8761-exec-3] c.n.e.registry.AbstractInstanceRegistry  : Registered instance STATISTIC/host.docker.internal:STATISTIC:9095 with status DOWN (replication=false)
2024-10-17T00:38:28.656+03:00  INFO 20188 --- [eureka-server] [http-nio-8761-exec-6] c.n.e.registry.AbstractInstanceRegistry  : Registered instance STATISTIC/host.docker.internal:STATISTIC:9095 with status DOWN (replication=true)
2024-10-17T00:38:31.658+03:00  INFO 20188 --- [eureka-server] [http-nio-8761-exec-9] c.n.e.registry.AbstractInstanceRegistry  : Cancelled instance STATISTIC/host.docker.internal:STATISTIC:9095 (replication=false)
2024-10-17T00:38:32.164+03:00  WARN 20188 --- [eureka-server] [http-nio-8761-exec-8] c.n.e.registry.AbstractInstanceRegistry  : DS: Registry: cancel failed because Lease is not registered for: STATISTIC/host.docker.internal:STATISTIC:9095
2024-10-17T00:38:32.164+03:00  INFO 20188 --- [eureka-server] [http-nio-8761-exec-8] c.n.eureka.resources.InstanceResource    : Not Found (Cancel): STATISTIC - host.docker.internal:STATISTIC:9095
2024-10-17T00:38:32.164+03:00  WARN 20188 --- [eureka-server] [TaskBatchingWorker-target_localhost-0] c.n.eureka.cluster.ReplicationTask       : The replication of task STATISTIC/host.docker.internal:STATISTIC:9095:Cancel@localhost failed with response code 404
2024-10-17T00:38:32.164+03:00  WARN 20188 --- [eureka-server] [TaskBatchingWorker-target_localhost-0] c.netflix.eureka.cluster.PeerEurekaNode  : STATISTIC/host.docker.internal:STATISTIC:9095:Cancel@localhost: missing entry.
2024-10-17T00:38:40.049+03:00  INFO 20188 --- [eureka-server] [http-nio-8761-exec-3] c.n.e.registry.AbstractInstanceRegistry  : Registered instance STATISTIC/host.docker.internal:STATISTIC:9095 with status UP (replication=false)
2024-10-17T00:38:40.569+03:00  INFO 20188 --- [eureka-server] [http-nio-8761-exec-6] c.n.e.registry.AbstractInstanceRegistry  : Registered instance STATISTIC/host.docker.internal:STATISTIC:9095 with status UP (replication=true)
2024-10-17T00:38:52.796+03:00  INFO 20188 --- [eureka-server] [Eureka-EvictionTimer] c.n.e.registry.AbstractInstanceRegistry  : Running the evict task with compensationTime 9ms
2024-10-17T00:39:52.797+03:00  INFO 20188 --- [eureka-server] [Eureka-EvictionTimer] c.n.e.registry.AbstractInstanceRegistry  : Running the evict task with compensationTime 1ms
2024-10-17T00:40:52.799+03:00  INFO 20188 --- [eureka-server] [Eureka-EvictionTimer] c.n.e.registry.AbstractInstanceRegistry  : Running the evict task with compensationTime 1ms
2024-10-17T00:41:52.807+03:00  INFO 20188 --- [eureka-server] [Eureka-EvictionTimer] c.n.e.registry.AbstractInstanceRegistry  : Running the evict task with compensationTime 7ms
2024-10-17T00:42:52.812+03:00  INFO 20188 --- [eureka-server] [Eureka-EvictionTimer] c.n.e.registry.AbstractInstanceRegistry  : Running the evict task with compensationTime 5ms
2024-10-17T00:43:52.826+03:00  INFO 20188 --- [eureka-server] [Eureka-EvictionTimer] c.n.e.registry.AbstractInstanceRegistry  : Running the evict task with compensationTime 14ms
2024-10-17T00:44:52.830+03:00  INFO 20188 --- [eureka-server] [Eureka-EvictionTimer] c.n.e.registry.AbstractInstanceRegistry  : Running the evict task with compensationTime 3ms
2024-10-17T00:45:52.846+03:00  INFO 20188 --- [eureka-server] [Eureka-EvictionTimer] c.n.e.registry.AbstractInstanceRegistry  : Running the evict task with compensationTime 15ms
2024-10-17T00:46:52.849+03:00  INFO 20188 --- [eureka-server] [Eureka-EvictionTimer] c.n.e.registry.AbstractInstanceRegistry  : Running the evict task with compensationTime 3ms
2024-10-17T00:47:52.850+03:00  INFO 20188 --- [eureka-server] [Eureka-EvictionTimer] c.n.e.registry.AbstractInstanceRegistry  : Running the evict task with compensationTime 0ms
2024-10-17T00:48:50.245+03:00  INFO 20188 --- [eureka-server] [ReplicaAwareInstanceRegistry - RenewalThresholdUpdater] c.n.e.r.PeerAwareInstanceRegistryImpl    : Current renewal threshold is : 8
2024-10-17T00:48:52.859+03:00  INFO 20188 --- [eureka-server] [Eureka-EvictionTimer] c.n.e.registry.AbstractInstanceRegistry  : Running the evict task with compensationTime 9ms
2024-10-17T00:49:52.868+03:00  INFO 20188 --- [eureka-server] [Eureka-EvictionTimer] c.n.e.registry.AbstractInstanceRegistry  : Running the evict task with compensationTime 9ms
2024-10-17T00:50:52.882+03:00  INFO 20188 --- [eureka-server] [Eureka-EvictionTimer] c.n.e.registry.AbstractInstanceRegistry  : Running the evict task with compensationTime 13ms
2024-10-17T00:51:52.891+03:00  INFO 20188 --- [eureka-server] [Eureka-EvictionTimer] c.n.e.registry.AbstractInstanceRegistry  : Running the evict task with compensationTime 8ms
2024-10-17T00:52:46.786+03:00  INFO 20188 --- [eureka-server] [http-nio-8761-exec-7] c.n.e.registry.AbstractInstanceRegistry  : Registered instance AUTH/host.docker.internal:AUTH:9090 with status DOWN (replication=false)
2024-10-17T00:52:47.302+03:00  INFO 20188 --- [eureka-server] [http-nio-8761-exec-3] c.n.e.registry.AbstractInstanceRegistry  : Registered instance AUTH/host.docker.internal:AUTH:9090 with status DOWN (replication=true)
2024-10-17T00:52:49.815+03:00  INFO 20188 --- [eureka-server] [http-nio-8761-exec-5] c.n.e.registry.AbstractInstanceRegistry  : Cancelled instance AUTH/host.docker.internal:AUTH:9090 (replication=false)
2024-10-17T00:52:49.942+03:00  WARN 20188 --- [eureka-server] [http-nio-8761-exec-10] c.n.e.registry.AbstractInstanceRegistry  : DS: Registry: cancel failed because Lease is not registered for: AUTH/host.docker.internal:AUTH:9090
2024-10-17T00:52:49.942+03:00  INFO 20188 --- [eureka-server] [http-nio-8761-exec-10] c.n.eureka.resources.InstanceResource    : Not Found (Cancel): AUTH - host.docker.internal:AUTH:9090
2024-10-17T00:52:49.942+03:00  WARN 20188 --- [eureka-server] [TaskBatchingWorker-target_localhost-3] c.n.eureka.cluster.ReplicationTask       : The replication of task AUTH/host.docker.internal:AUTH:9090:Cancel@localhost failed with response code 404
2024-10-17T00:52:49.942+03:00  WARN 20188 --- [eureka-server] [TaskBatchingWorker-target_localhost-3] c.netflix.eureka.cluster.PeerEurekaNode  : AUTH/host.docker.internal:AUTH:9090:Cancel@localhost: missing entry.
2024-10-17T00:52:52.898+03:00  INFO 20188 --- [eureka-server] [Eureka-EvictionTimer] c.n.e.registry.AbstractInstanceRegistry  : Running the evict task with compensationTime 7ms
2024-10-17T00:52:57.939+03:00  INFO 20188 --- [eureka-server] [http-nio-8761-exec-8] c.n.e.registry.AbstractInstanceRegistry  : Registered instance AUTH/host.docker.internal:AUTH:9090 with status UP (replication=false)
2024-10-17T00:52:58.456+03:00  INFO 20188 --- [eureka-server] [http-nio-8761-exec-7] c.n.e.registry.AbstractInstanceRegistry  : Registered instance AUTH/host.docker.internal:AUTH:9090 with status UP (replication=true)
2024-10-17T00:53:52.903+03:00  INFO 20188 --- [eureka-server] [Eureka-EvictionTimer] c.n.e.registry.AbstractInstanceRegistry  : Running the evict task with compensationTime 4ms
2024-10-17T00:54:42.267+03:00  INFO 20188 --- [eureka-server] [http-nio-8761-exec-2] c.n.e.registry.AbstractInstanceRegistry  : Registered instance AUTH/host.docker.internal:AUTH:9090 with status DOWN (replication=false)
2024-10-17T00:54:42.271+03:00  INFO 20188 --- [eureka-server] [http-nio-8761-exec-10] c.n.e.registry.AbstractInstanceRegistry  : Cancelled instance AUTH/host.docker.internal:AUTH:9090 (replication=false)
2024-10-17T00:54:42.782+03:00  INFO 20188 --- [eureka-server] [http-nio-8761-exec-8] c.n.e.registry.AbstractInstanceRegistry  : Registered instance AUTH/host.docker.internal:AUTH:9090 with status DOWN (replication=true)
2024-10-17T00:54:42.782+03:00  INFO 20188 --- [eureka-server] [http-nio-8761-exec-8] c.n.e.registry.AbstractInstanceRegistry  : Cancelled instance AUTH/host.docker.internal:AUTH:9090 (replication=true)
2024-10-17T00:54:49.615+03:00  INFO 20188 --- [eureka-server] [http-nio-8761-exec-5] c.n.e.registry.AbstractInstanceRegistry  : Registered instance AUTH/host.docker.internal:AUTH:9090 with status UP (replication=false)
2024-10-17T00:54:50.047+03:00  INFO 20188 --- [eureka-server] [http-nio-8761-exec-9] c.n.e.registry.AbstractInstanceRegistry  : Registered instance AUTH/host.docker.internal:AUTH:9090 with status UP (replication=true)
2024-10-17T00:54:52.904+03:00  INFO 20188 --- [eureka-server] [Eureka-EvictionTimer] c.n.e.registry.AbstractInstanceRegistry  : Running the evict task with compensationTime 1ms
2024-10-17T00:55:25.470+03:00  INFO 20188 --- [eureka-server] [http-nio-8761-exec-10] c.n.e.registry.AbstractInstanceRegistry  : Registered instance AUTH/host.docker.internal:AUTH:9090 with status DOWN (replication=false)
2024-10-17T00:55:25.990+03:00  INFO 20188 --- [eureka-server] [http-nio-8761-exec-4] c.n.e.registry.AbstractInstanceRegistry  : Registered instance AUTH/host.docker.internal:AUTH:9090 with status DOWN (replication=true)
2024-10-17T00:55:28.501+03:00  INFO 20188 --- [eureka-server] [http-nio-8761-exec-8] c.n.e.registry.AbstractInstanceRegistry  : Cancelled instance AUTH/host.docker.internal:AUTH:9090 (replication=false)
2024-10-17T00:55:29.022+03:00  WARN 20188 --- [eureka-server] [http-nio-8761-exec-3] c.n.e.registry.AbstractInstanceRegistry  : DS: Registry: cancel failed because Lease is not registered for: AUTH/host.docker.internal:AUTH:9090
2024-10-17T00:55:29.022+03:00  INFO 20188 --- [eureka-server] [http-nio-8761-exec-3] c.n.eureka.resources.InstanceResource    : Not Found (Cancel): AUTH - host.docker.internal:AUTH:9090
2024-10-17T00:55:29.023+03:00  WARN 20188 --- [eureka-server] [TaskBatchingWorker-target_localhost-5] c.n.eureka.cluster.ReplicationTask       : The replication of task AUTH/host.docker.internal:AUTH:9090:Cancel@localhost failed with response code 404
2024-10-17T00:55:29.023+03:00  WARN 20188 --- [eureka-server] [TaskBatchingWorker-target_localhost-5] c.netflix.eureka.cluster.PeerEurekaNode  : AUTH/host.docker.internal:AUTH:9090:Cancel@localhost: missing entry.
2024-10-17T00:55:35.719+03:00  INFO 20188 --- [eureka-server] [http-nio-8761-exec-10] c.n.e.registry.AbstractInstanceRegistry  : Registered instance AUTH/host.docker.internal:AUTH:9090 with status UP (replication=false)
2024-10-17T00:55:36.247+03:00  INFO 20188 --- [eureka-server] [http-nio-8761-exec-4] c.n.e.registry.AbstractInstanceRegistry  : Registered instance AUTH/host.docker.internal:AUTH:9090 with status UP (replication=true)
2024-10-17T00:55:52.908+03:00  INFO 20188 --- [eureka-server] [Eureka-EvictionTimer] c.n.e.registry.AbstractInstanceRegistry  : Running the evict task with compensationTime 4ms
2024-10-17T00:56:52.923+03:00  INFO 20188 --- [eureka-server] [Eureka-EvictionTimer] c.n.e.registry.AbstractInstanceRegistry  : Running the evict task with compensationTime 14ms
2024-10-17T00:57:52.924+03:00  INFO 20188 --- [eureka-server] [Eureka-EvictionTimer] c.n.e.registry.AbstractInstanceRegistry  : Running the evict task with compensationTime 0ms
2024-10-17T00:58:52.938+03:00  INFO 20188 --- [eureka-server] [Eureka-EvictionTimer] c.n.e.registry.AbstractInstanceRegistry  : Running the evict task with compensationTime 13ms
2024-10-17T00:59:52.938+03:00  INFO 20188 --- [eureka-server] [Eureka-EvictionTimer] c.n.e.registry.AbstractInstanceRegistry  : Running the evict task with compensationTime 0ms
2024-10-17T01:00:52.942+03:00  INFO 20188 --- [eureka-server] [Eureka-EvictionTimer] c.n.e.registry.AbstractInstanceRegistry  : Running the evict task with compensationTime 4ms
2024-10-17T01:01:52.953+03:00  INFO 20188 --- [eureka-server] [Eureka-EvictionTimer] c.n.e.registry.AbstractInstanceRegistry  : Running the evict task with compensationTime 11ms
2024-10-17T01:02:52.961+03:00  INFO 20188 --- [eureka-server] [Eureka-EvictionTimer] c.n.e.registry.AbstractInstanceRegistry  : Running the evict task with compensationTime 7ms
2024-10-17T01:03:50.249+03:00  INFO 20188 --- [eureka-server] [ReplicaAwareInstanceRegistry - RenewalThresholdUpdater] c.n.e.r.PeerAwareInstanceRegistryImpl    : Current renewal threshold is : 8
2024-10-17T01:03:52.969+03:00  INFO 20188 --- [eureka-server] [Eureka-EvictionTimer] c.n.e.registry.AbstractInstanceRegistry  : Running the evict task with compensationTime 8ms
2024-10-17T01:04:52.974+03:00  INFO 20188 --- [eureka-server] [Eureka-EvictionTimer] c.n.e.registry.AbstractInstanceRegistry  : Running the evict task with compensationTime 5ms
2024-10-17T01:05:52.988+03:00  INFO 20188 --- [eureka-server] [Eureka-EvictionTimer] c.n.e.registry.AbstractInstanceRegistry  : Running the evict task with compensationTime 13ms
2024-10-17T01:06:52.998+03:00  INFO 20188 --- [eureka-server] [Eureka-EvictionTimer] c.n.e.registry.AbstractInstanceRegistry  : Running the evict task with compensationTime 9ms
2024-10-17T01:07:53.004+03:00  INFO 20188 --- [eureka-server] [Eureka-EvictionTimer] c.n.e.registry.AbstractInstanceRegistry  : Running the evict task with compensationTime 5ms
2024-10-17T01:08:53.008+03:00  INFO 20188 --- [eureka-server] [Eureka-EvictionTimer] c.n.e.registry.AbstractInstanceRegistry  : Running the evict task with compensationTime 4ms
2024-10-17T01:09:53.017+03:00  INFO 20188 --- [eureka-server] [Eureka-EvictionTimer] c.n.e.registry.AbstractInstanceRegistry  : Running the evict task with compensationTime 9ms
2024-10-17T01:10:53.020+03:00  INFO 20188 --- [eureka-server] [Eureka-EvictionTimer] c.n.e.registry.AbstractInstanceRegistry  : Running the evict task with compensationTime 2ms
2024-10-17T01:11:53.027+03:00  INFO 20188 --- [eureka-server] [Eureka-EvictionTimer] c.n.e.registry.AbstractInstanceRegistry  : Running the evict task with compensationTime 7ms
2024-10-17T01:12:53.033+03:00  INFO 20188 --- [eureka-server] [Eureka-EvictionTimer] c.n.e.registry.AbstractInstanceRegistry  : Running the evict task with compensationTime 5ms
2024-10-17T01:13:53.043+03:00  INFO 20188 --- [eureka-server] [Eureka-EvictionTimer] c.n.e.registry.AbstractInstanceRegistry  : Running the evict task with compensationTime 10ms
2024-10-17T01:14:53.054+03:00  INFO 20188 --- [eureka-server] [Eureka-EvictionTimer] c.n.e.registry.AbstractInstanceRegistry  : Running the evict task with compensationTime 10ms
