2024-10-14T23:34:29.455+03:00  INFO 24508 --- [API-GATEWAY] [main] r.b.t.TaskManagerGatewayApplication      : Starting TaskManagerGatewayApplication using Java 21.0.2 with PID 24508 (C:\Users\LenseL\Desktop\taskManagerNew\api-gateway\target\classes started by LenseL in C:\Users\LenseL\Desktop\taskManagerNew\api-gateway)
2024-10-14T23:34:29.456+03:00  INFO 24508 --- [API-GATEWAY] [main] r.b.t.TaskManagerGatewayApplication      : No active profile set, falling back to 1 default profile: "default"
2024-10-14T23:34:30.128+03:00  INFO 24508 --- [API-GATEWAY] [main] o.s.cloud.context.scope.GenericScope     : BeanFactory id=6a628274-5d2f-3402-8c95-21ee941dd031
2024-10-14T23:34:30.180+03:00  WARN 24508 --- [API-GATEWAY] [main] trationDelegate$BeanPostProcessorChecker : Bean 'org.springframework.cloud.client.loadbalancer.LoadBalancerAutoConfiguration$DeferringLoadBalancerInterceptorConfig' of type [org.springframework.cloud.client.loadbalancer.LoadBalancerAutoConfiguration$DeferringLoadBalancerInterceptorConfig] is not eligible for getting processed by all BeanPostProcessors (for example: not eligible for auto-proxying). The currently created BeanPostProcessor [lbRestClientPostProcessor] is declared through a non-static factory method on that class; consider declaring it as static instead.
2024-10-14T23:34:30.181+03:00  WARN 24508 --- [API-GATEWAY] [main] trationDelegate$BeanPostProcessorChecker : Bean 'deferringLoadBalancerInterceptor' of type [org.springframework.cloud.client.loadbalancer.DeferringLoadBalancerInterceptor] is not eligible for getting processed by all BeanPostProcessors (for example: not eligible for auto-proxying). Is this bean getting eagerly injected into a currently created BeanPostProcessor [lbRestClientPostProcessor]? Check the corresponding BeanPostProcessor declaration and its dependencies.
2024-10-14T23:34:30.182+03:00  WARN 24508 --- [API-GATEWAY] [main] trationDelegate$BeanPostProcessorChecker : Bean 'org.springframework.cloud.client.loadbalancer.reactive.LoadBalancerBeanPostProcessorAutoConfiguration' of type [org.springframework.cloud.client.loadbalancer.reactive.LoadBalancerBeanPostProcessorAutoConfiguration] is not eligible for getting processed by all BeanPostProcessors (for example: not eligible for auto-proxying). The currently created BeanPostProcessor [loadBalancerWebClientBuilderBeanPostProcessor] is declared through a non-static factory method on that class; consider declaring it as static instead.
2024-10-14T23:34:30.183+03:00  WARN 24508 --- [API-GATEWAY] [main] trationDelegate$BeanPostProcessorChecker : Bean 'org.springframework.cloud.client.loadbalancer.reactive.LoadBalancerBeanPostProcessorAutoConfiguration$ReactorDeferringLoadBalancerFilterConfig' of type [org.springframework.cloud.client.loadbalancer.reactive.LoadBalancerBeanPostProcessorAutoConfiguration$ReactorDeferringLoadBalancerFilterConfig] is not eligible for getting processed by all BeanPostProcessors (for example: not eligible for auto-proxying). Is this bean getting eagerly injected into a currently created BeanPostProcessor [loadBalancerWebClientBuilderBeanPostProcessor]? Check the corresponding BeanPostProcessor declaration and its dependencies.
2024-10-14T23:34:30.183+03:00  WARN 24508 --- [API-GATEWAY] [main] trationDelegate$BeanPostProcessorChecker : Bean 'reactorDeferringLoadBalancerExchangeFilterFunction' of type [org.springframework.cloud.client.loadbalancer.reactive.DeferringLoadBalancerExchangeFilterFunction] is not eligible for getting processed by all BeanPostProcessors (for example: not eligible for auto-proxying). Is this bean getting eagerly injected into a currently created BeanPostProcessor [loadBalancerWebClientBuilderBeanPostProcessor]? Check the corresponding BeanPostProcessor declaration and its dependencies.
2024-10-14T23:34:30.693+03:00  INFO 24508 --- [API-GATEWAY] [main] o.s.c.g.r.RouteDefinitionRouteLocator    : Loaded RoutePredicateFactory [After]
2024-10-14T23:34:30.694+03:00  INFO 24508 --- [API-GATEWAY] [main] o.s.c.g.r.RouteDefinitionRouteLocator    : Loaded RoutePredicateFactory [Before]
2024-10-14T23:34:30.694+03:00  INFO 24508 --- [API-GATEWAY] [main] o.s.c.g.r.RouteDefinitionRouteLocator    : Loaded RoutePredicateFactory [Between]
2024-10-14T23:34:30.694+03:00  INFO 24508 --- [API-GATEWAY] [main] o.s.c.g.r.RouteDefinitionRouteLocator    : Loaded RoutePredicateFactory [Cookie]
2024-10-14T23:34:30.694+03:00  INFO 24508 --- [API-GATEWAY] [main] o.s.c.g.r.RouteDefinitionRouteLocator    : Loaded RoutePredicateFactory [Header]
2024-10-14T23:34:30.694+03:00  INFO 24508 --- [API-GATEWAY] [main] o.s.c.g.r.RouteDefinitionRouteLocator    : Loaded RoutePredicateFactory [Host]
2024-10-14T23:34:30.694+03:00  INFO 24508 --- [API-GATEWAY] [main] o.s.c.g.r.RouteDefinitionRouteLocator    : Loaded RoutePredicateFactory [Method]
2024-10-14T23:34:30.694+03:00  INFO 24508 --- [API-GATEWAY] [main] o.s.c.g.r.RouteDefinitionRouteLocator    : Loaded RoutePredicateFactory [Path]
2024-10-14T23:34:30.694+03:00  INFO 24508 --- [API-GATEWAY] [main] o.s.c.g.r.RouteDefinitionRouteLocator    : Loaded RoutePredicateFactory [Query]
2024-10-14T23:34:30.694+03:00  INFO 24508 --- [API-GATEWAY] [main] o.s.c.g.r.RouteDefinitionRouteLocator    : Loaded RoutePredicateFactory [ReadBody]
2024-10-14T23:34:30.694+03:00  INFO 24508 --- [API-GATEWAY] [main] o.s.c.g.r.RouteDefinitionRouteLocator    : Loaded RoutePredicateFactory [RemoteAddr]
2024-10-14T23:34:30.694+03:00  INFO 24508 --- [API-GATEWAY] [main] o.s.c.g.r.RouteDefinitionRouteLocator    : Loaded RoutePredicateFactory [XForwardedRemoteAddr]
2024-10-14T23:34:30.694+03:00  INFO 24508 --- [API-GATEWAY] [main] o.s.c.g.r.RouteDefinitionRouteLocator    : Loaded RoutePredicateFactory [Weight]
2024-10-14T23:34:30.694+03:00  INFO 24508 --- [API-GATEWAY] [main] o.s.c.g.r.RouteDefinitionRouteLocator    : Loaded RoutePredicateFactory [CloudFoundryRouteService]
2024-10-14T23:34:30.877+03:00  INFO 24508 --- [API-GATEWAY] [main] o.s.b.a.e.web.EndpointLinksResolver      : Exposing 1 endpoint beneath base path '/actuator'
2024-10-14T23:34:31.046+03:00  INFO 24508 --- [API-GATEWAY] [main] DiscoveryClientOptionalArgsConfiguration : Eureka HTTP Client uses RestTemplate.
2024-10-14T23:34:31.063+03:00  WARN 24508 --- [API-GATEWAY] [main] iguration$LoadBalancerCaffeineWarnLogger : Spring Cloud LoadBalancer is currently working with the default cache. While this cache implementation is useful for development and tests, it's recommended to use Caffeine cache in production.You can switch to using Caffeine cache, by adding it and org.springframework.cache.caffeine.CaffeineCacheManager to the classpath.
2024-10-14T23:34:31.121+03:00  INFO 24508 --- [API-GATEWAY] [main] o.s.c.n.eureka.InstanceInfoFactory       : Setting initial instance status as: STARTING
2024-10-14T23:34:31.136+03:00  INFO 24508 --- [API-GATEWAY] [main] com.netflix.discovery.DiscoveryClient    : Initializing Eureka in region us-east-1
2024-10-14T23:34:31.140+03:00  INFO 24508 --- [API-GATEWAY] [main] c.n.d.s.r.aws.ConfigClusterResolver      : Resolving eureka endpoints via configuration
2024-10-14T23:34:31.145+03:00  INFO 24508 --- [API-GATEWAY] [main] com.netflix.discovery.DiscoveryClient    : Disable delta property : false
2024-10-14T23:34:31.145+03:00  INFO 24508 --- [API-GATEWAY] [main] com.netflix.discovery.DiscoveryClient    : Single vip registry refresh property : null
2024-10-14T23:34:31.145+03:00  INFO 24508 --- [API-GATEWAY] [main] com.netflix.discovery.DiscoveryClient    : Force full registry fetch : false
2024-10-14T23:34:31.146+03:00  INFO 24508 --- [API-GATEWAY] [main] com.netflix.discovery.DiscoveryClient    : Application is null : false
2024-10-14T23:34:31.146+03:00  INFO 24508 --- [API-GATEWAY] [main] com.netflix.discovery.DiscoveryClient    : Registered Applications size is zero : true
2024-10-14T23:34:31.146+03:00  INFO 24508 --- [API-GATEWAY] [main] com.netflix.discovery.DiscoveryClient    : Application version is -1: true
2024-10-14T23:34:31.146+03:00  INFO 24508 --- [API-GATEWAY] [main] com.netflix.discovery.DiscoveryClient    : Getting all instance registry info from the eureka server
2024-10-14T23:34:31.398+03:00  INFO 24508 --- [API-GATEWAY] [main] com.netflix.discovery.DiscoveryClient    : The response status is 200
2024-10-14T23:34:31.400+03:00  INFO 24508 --- [API-GATEWAY] [main] com.netflix.discovery.DiscoveryClient    : Starting heartbeat executor: renew interval is: 30
2024-10-14T23:34:31.401+03:00  INFO 24508 --- [API-GATEWAY] [main] c.n.discovery.InstanceInfoReplicator     : InstanceInfoReplicator onDemand update allowed rate per min is 4
2024-10-14T23:34:31.402+03:00  INFO 24508 --- [API-GATEWAY] [main] com.netflix.discovery.DiscoveryClient    : Discovery Client initialized at timestamp 1728938071402 with initial instances count: 3
2024-10-14T23:34:31.404+03:00  INFO 24508 --- [API-GATEWAY] [main] o.s.c.n.e.s.EurekaServiceRegistry        : Registering application API-GATEWAY with eureka with status UP
2024-10-14T23:34:31.405+03:00  INFO 24508 --- [API-GATEWAY] [main] com.netflix.discovery.DiscoveryClient    : Saw local status change event StatusChangeEvent [timestamp=1728938071405, current=UP, previous=STARTING]
2024-10-14T23:34:31.406+03:00  INFO 24508 --- [API-GATEWAY] [DiscoveryClient-InstanceInfoReplicator-%d] com.netflix.discovery.DiscoveryClient    : DiscoveryClient_API-GATEWAY/host.docker.internal:API-GATEWAY:9091: registering service...
2024-10-14T23:34:31.439+03:00  INFO 24508 --- [API-GATEWAY] [DiscoveryClient-InstanceInfoReplicator-%d] com.netflix.discovery.DiscoveryClient    : DiscoveryClient_API-GATEWAY/host.docker.internal:API-GATEWAY:9091 - registration status: 204
2024-10-14T23:34:31.509+03:00  INFO 24508 --- [API-GATEWAY] [main] o.s.b.web.embedded.netty.NettyWebServer  : Netty started on port 9091 (http)
2024-10-14T23:34:31.509+03:00  INFO 24508 --- [API-GATEWAY] [main] .s.c.n.e.s.EurekaAutoServiceRegistration : Updating port to 9091
2024-10-14T23:34:31.524+03:00  INFO 24508 --- [API-GATEWAY] [main] r.b.t.TaskManagerGatewayApplication      : Started TaskManagerGatewayApplication in 2.378 seconds (process running for 2.764)
2024-10-14T23:35:06.936+03:00  INFO 24508 --- [API-GATEWAY] [SpringApplicationShutdownHook] o.s.c.n.e.s.EurekaServiceRegistry        : Unregistering application API-GATEWAY with eureka with status DOWN
2024-10-14T23:35:06.937+03:00  INFO 24508 --- [API-GATEWAY] [SpringApplicationShutdownHook] com.netflix.discovery.DiscoveryClient    : Saw local status change event StatusChangeEvent [timestamp=1728938106937, current=DOWN, previous=UP]
2024-10-14T23:35:06.937+03:00  INFO 24508 --- [API-GATEWAY] [DiscoveryClient-InstanceInfoReplicator-%d] com.netflix.discovery.DiscoveryClient    : DiscoveryClient_API-GATEWAY/host.docker.internal:API-GATEWAY:9091: registering service...
2024-10-14T23:35:06.953+03:00  INFO 24508 --- [API-GATEWAY] [DiscoveryClient-InstanceInfoReplicator-%d] com.netflix.discovery.DiscoveryClient    : DiscoveryClient_API-GATEWAY/host.docker.internal:API-GATEWAY:9091 - registration status: 204
2024-10-14T23:35:09.028+03:00  INFO 24508 --- [API-GATEWAY] [SpringApplicationShutdownHook] com.netflix.discovery.DiscoveryClient    : Shutting down DiscoveryClient ...
2024-10-14T23:35:12.044+03:00  INFO 24508 --- [API-GATEWAY] [SpringApplicationShutdownHook] com.netflix.discovery.DiscoveryClient    : Unregistering ...
2024-10-14T23:35:12.061+03:00  INFO 24508 --- [API-GATEWAY] [SpringApplicationShutdownHook] com.netflix.discovery.DiscoveryClient    : DiscoveryClient_API-GATEWAY/host.docker.internal:API-GATEWAY:9091 - deregister  status: 200
2024-10-14T23:35:12.061+03:00  INFO 24508 --- [API-GATEWAY] [SpringApplicationShutdownHook] com.netflix.discovery.DiscoveryClient    : Completed shut down of DiscoveryClient
2024-10-14T23:43:26.127+03:00  INFO 25888 --- [API-GATEWAY] [main] r.b.t.TaskManagerGatewayApplication      : Starting TaskManagerGatewayApplication using Java 21.0.2 with PID 25888 (C:\Users\LenseL\Desktop\taskManagerNew\api-gateway\target\classes started by LenseL in C:\Users\LenseL\Desktop\taskManagerNew\api-gateway)
2024-10-14T23:43:26.129+03:00  INFO 25888 --- [API-GATEWAY] [main] r.b.t.TaskManagerGatewayApplication      : No active profile set, falling back to 1 default profile: "default"
2024-10-14T23:43:26.790+03:00  INFO 25888 --- [API-GATEWAY] [main] o.s.cloud.context.scope.GenericScope     : BeanFactory id=6a628274-5d2f-3402-8c95-21ee941dd031
2024-10-14T23:43:26.830+03:00  WARN 25888 --- [API-GATEWAY] [main] trationDelegate$BeanPostProcessorChecker : Bean 'org.springframework.cloud.client.loadbalancer.LoadBalancerAutoConfiguration$DeferringLoadBalancerInterceptorConfig' of type [org.springframework.cloud.client.loadbalancer.LoadBalancerAutoConfiguration$DeferringLoadBalancerInterceptorConfig] is not eligible for getting processed by all BeanPostProcessors (for example: not eligible for auto-proxying). The currently created BeanPostProcessor [lbRestClientPostProcessor] is declared through a non-static factory method on that class; consider declaring it as static instead.
2024-10-14T23:43:26.833+03:00  WARN 25888 --- [API-GATEWAY] [main] trationDelegate$BeanPostProcessorChecker : Bean 'deferringLoadBalancerInterceptor' of type [org.springframework.cloud.client.loadbalancer.DeferringLoadBalancerInterceptor] is not eligible for getting processed by all BeanPostProcessors (for example: not eligible for auto-proxying). Is this bean getting eagerly injected into a currently created BeanPostProcessor [lbRestClientPostProcessor]? Check the corresponding BeanPostProcessor declaration and its dependencies.
2024-10-14T23:43:26.833+03:00  WARN 25888 --- [API-GATEWAY] [main] trationDelegate$BeanPostProcessorChecker : Bean 'org.springframework.cloud.client.loadbalancer.reactive.LoadBalancerBeanPostProcessorAutoConfiguration' of type [org.springframework.cloud.client.loadbalancer.reactive.LoadBalancerBeanPostProcessorAutoConfiguration] is not eligible for getting processed by all BeanPostProcessors (for example: not eligible for auto-proxying). The currently created BeanPostProcessor [loadBalancerWebClientBuilderBeanPostProcessor] is declared through a non-static factory method on that class; consider declaring it as static instead.
2024-10-14T23:43:26.834+03:00  WARN 25888 --- [API-GATEWAY] [main] trationDelegate$BeanPostProcessorChecker : Bean 'org.springframework.cloud.client.loadbalancer.reactive.LoadBalancerBeanPostProcessorAutoConfiguration$ReactorDeferringLoadBalancerFilterConfig' of type [org.springframework.cloud.client.loadbalancer.reactive.LoadBalancerBeanPostProcessorAutoConfiguration$ReactorDeferringLoadBalancerFilterConfig] is not eligible for getting processed by all BeanPostProcessors (for example: not eligible for auto-proxying). Is this bean getting eagerly injected into a currently created BeanPostProcessor [loadBalancerWebClientBuilderBeanPostProcessor]? Check the corresponding BeanPostProcessor declaration and its dependencies.
2024-10-14T23:43:26.834+03:00  WARN 25888 --- [API-GATEWAY] [main] trationDelegate$BeanPostProcessorChecker : Bean 'reactorDeferringLoadBalancerExchangeFilterFunction' of type [org.springframework.cloud.client.loadbalancer.reactive.DeferringLoadBalancerExchangeFilterFunction] is not eligible for getting processed by all BeanPostProcessors (for example: not eligible for auto-proxying). Is this bean getting eagerly injected into a currently created BeanPostProcessor [loadBalancerWebClientBuilderBeanPostProcessor]? Check the corresponding BeanPostProcessor declaration and its dependencies.
2024-10-14T23:43:27.278+03:00  INFO 25888 --- [API-GATEWAY] [main] o.s.c.g.r.RouteDefinitionRouteLocator    : Loaded RoutePredicateFactory [After]
2024-10-14T23:43:27.278+03:00  INFO 25888 --- [API-GATEWAY] [main] o.s.c.g.r.RouteDefinitionRouteLocator    : Loaded RoutePredicateFactory [Before]
2024-10-14T23:43:27.278+03:00  INFO 25888 --- [API-GATEWAY] [main] o.s.c.g.r.RouteDefinitionRouteLocator    : Loaded RoutePredicateFactory [Between]
2024-10-14T23:43:27.278+03:00  INFO 25888 --- [API-GATEWAY] [main] o.s.c.g.r.RouteDefinitionRouteLocator    : Loaded RoutePredicateFactory [Cookie]
2024-10-14T23:43:27.278+03:00  INFO 25888 --- [API-GATEWAY] [main] o.s.c.g.r.RouteDefinitionRouteLocator    : Loaded RoutePredicateFactory [Header]
2024-10-14T23:43:27.278+03:00  INFO 25888 --- [API-GATEWAY] [main] o.s.c.g.r.RouteDefinitionRouteLocator    : Loaded RoutePredicateFactory [Host]
2024-10-14T23:43:27.278+03:00  INFO 25888 --- [API-GATEWAY] [main] o.s.c.g.r.RouteDefinitionRouteLocator    : Loaded RoutePredicateFactory [Method]
2024-10-14T23:43:27.278+03:00  INFO 25888 --- [API-GATEWAY] [main] o.s.c.g.r.RouteDefinitionRouteLocator    : Loaded RoutePredicateFactory [Path]
2024-10-14T23:43:27.278+03:00  INFO 25888 --- [API-GATEWAY] [main] o.s.c.g.r.RouteDefinitionRouteLocator    : Loaded RoutePredicateFactory [Query]
2024-10-14T23:43:27.278+03:00  INFO 25888 --- [API-GATEWAY] [main] o.s.c.g.r.RouteDefinitionRouteLocator    : Loaded RoutePredicateFactory [ReadBody]
2024-10-14T23:43:27.278+03:00  INFO 25888 --- [API-GATEWAY] [main] o.s.c.g.r.RouteDefinitionRouteLocator    : Loaded RoutePredicateFactory [RemoteAddr]
2024-10-14T23:43:27.278+03:00  INFO 25888 --- [API-GATEWAY] [main] o.s.c.g.r.RouteDefinitionRouteLocator    : Loaded RoutePredicateFactory [XForwardedRemoteAddr]
2024-10-14T23:43:27.279+03:00  INFO 25888 --- [API-GATEWAY] [main] o.s.c.g.r.RouteDefinitionRouteLocator    : Loaded RoutePredicateFactory [Weight]
2024-10-14T23:43:27.279+03:00  INFO 25888 --- [API-GATEWAY] [main] o.s.c.g.r.RouteDefinitionRouteLocator    : Loaded RoutePredicateFactory [CloudFoundryRouteService]
2024-10-14T23:43:27.449+03:00  INFO 25888 --- [API-GATEWAY] [main] o.s.b.a.e.web.EndpointLinksResolver      : Exposing 1 endpoint beneath base path '/actuator'
2024-10-14T23:43:27.608+03:00  INFO 25888 --- [API-GATEWAY] [main] DiscoveryClientOptionalArgsConfiguration : Eureka HTTP Client uses RestTemplate.
2024-10-14T23:43:27.621+03:00  WARN 25888 --- [API-GATEWAY] [main] iguration$LoadBalancerCaffeineWarnLogger : Spring Cloud LoadBalancer is currently working with the default cache. While this cache implementation is useful for development and tests, it's recommended to use Caffeine cache in production.You can switch to using Caffeine cache, by adding it and org.springframework.cache.caffeine.CaffeineCacheManager to the classpath.
2024-10-14T23:43:27.668+03:00  INFO 25888 --- [API-GATEWAY] [main] o.s.c.n.eureka.InstanceInfoFactory       : Setting initial instance status as: STARTING
2024-10-14T23:43:27.682+03:00  INFO 25888 --- [API-GATEWAY] [main] com.netflix.discovery.DiscoveryClient    : Initializing Eureka in region us-east-1
2024-10-14T23:43:27.685+03:00  INFO 25888 --- [API-GATEWAY] [main] c.n.d.s.r.aws.ConfigClusterResolver      : Resolving eureka endpoints via configuration
2024-10-14T23:43:27.690+03:00  INFO 25888 --- [API-GATEWAY] [main] com.netflix.discovery.DiscoveryClient    : Disable delta property : false
2024-10-14T23:43:27.690+03:00  INFO 25888 --- [API-GATEWAY] [main] com.netflix.discovery.DiscoveryClient    : Single vip registry refresh property : null
2024-10-14T23:43:27.690+03:00  INFO 25888 --- [API-GATEWAY] [main] com.netflix.discovery.DiscoveryClient    : Force full registry fetch : false
2024-10-14T23:43:27.690+03:00  INFO 25888 --- [API-GATEWAY] [main] com.netflix.discovery.DiscoveryClient    : Application is null : false
2024-10-14T23:43:27.690+03:00  INFO 25888 --- [API-GATEWAY] [main] com.netflix.discovery.DiscoveryClient    : Registered Applications size is zero : true
2024-10-14T23:43:27.690+03:00  INFO 25888 --- [API-GATEWAY] [main] com.netflix.discovery.DiscoveryClient    : Application version is -1: true
2024-10-14T23:43:27.691+03:00  INFO 25888 --- [API-GATEWAY] [main] com.netflix.discovery.DiscoveryClient    : Getting all instance registry info from the eureka server
2024-10-14T23:43:27.940+03:00  INFO 25888 --- [API-GATEWAY] [main] com.netflix.discovery.DiscoveryClient    : The response status is 200
2024-10-14T23:43:27.942+03:00  INFO 25888 --- [API-GATEWAY] [main] com.netflix.discovery.DiscoveryClient    : Starting heartbeat executor: renew interval is: 30
2024-10-14T23:43:27.943+03:00  INFO 25888 --- [API-GATEWAY] [main] c.n.discovery.InstanceInfoReplicator     : InstanceInfoReplicator onDemand update allowed rate per min is 4
2024-10-14T23:43:27.944+03:00  INFO 25888 --- [API-GATEWAY] [main] com.netflix.discovery.DiscoveryClient    : Discovery Client initialized at timestamp 1728938607943 with initial instances count: 3
2024-10-14T23:43:27.946+03:00  INFO 25888 --- [API-GATEWAY] [main] o.s.c.n.e.s.EurekaServiceRegistry        : Registering application API-GATEWAY with eureka with status UP
2024-10-14T23:43:27.947+03:00  INFO 25888 --- [API-GATEWAY] [main] com.netflix.discovery.DiscoveryClient    : Saw local status change event StatusChangeEvent [timestamp=1728938607947, current=UP, previous=STARTING]
2024-10-14T23:43:27.948+03:00  INFO 25888 --- [API-GATEWAY] [DiscoveryClient-InstanceInfoReplicator-%d] com.netflix.discovery.DiscoveryClient    : DiscoveryClient_API-GATEWAY/host.docker.internal:API-GATEWAY:9091: registering service...
2024-10-14T23:43:27.972+03:00  INFO 25888 --- [API-GATEWAY] [DiscoveryClient-InstanceInfoReplicator-%d] com.netflix.discovery.DiscoveryClient    : DiscoveryClient_API-GATEWAY/host.docker.internal:API-GATEWAY:9091 - registration status: 204
2024-10-14T23:43:28.036+03:00  INFO 25888 --- [API-GATEWAY] [main] o.s.b.web.embedded.netty.NettyWebServer  : Netty started on port 9091 (http)
2024-10-14T23:43:28.037+03:00  INFO 25888 --- [API-GATEWAY] [main] .s.c.n.e.s.EurekaAutoServiceRegistration : Updating port to 9091
2024-10-14T23:43:28.051+03:00  INFO 25888 --- [API-GATEWAY] [main] r.b.t.TaskManagerGatewayApplication      : Started TaskManagerGatewayApplication in 2.243 seconds (process running for 2.708)
2024-10-14T23:43:56.098+03:00  INFO 25888 --- [API-GATEWAY] [SpringApplicationShutdownHook] o.s.c.n.e.s.EurekaServiceRegistry        : Unregistering application API-GATEWAY with eureka with status DOWN
2024-10-14T23:43:56.099+03:00  INFO 25888 --- [API-GATEWAY] [SpringApplicationShutdownHook] com.netflix.discovery.DiscoveryClient    : Saw local status change event StatusChangeEvent [timestamp=1728938636099, current=DOWN, previous=UP]
2024-10-14T23:43:56.099+03:00  INFO 25888 --- [API-GATEWAY] [DiscoveryClient-InstanceInfoReplicator-%d] com.netflix.discovery.DiscoveryClient    : DiscoveryClient_API-GATEWAY/host.docker.internal:API-GATEWAY:9091: registering service...
2024-10-14T23:43:56.115+03:00  INFO 25888 --- [API-GATEWAY] [DiscoveryClient-InstanceInfoReplicator-%d] com.netflix.discovery.DiscoveryClient    : DiscoveryClient_API-GATEWAY/host.docker.internal:API-GATEWAY:9091 - registration status: 204
2024-10-14T23:43:58.184+03:00  INFO 25888 --- [API-GATEWAY] [SpringApplicationShutdownHook] com.netflix.discovery.DiscoveryClient    : Shutting down DiscoveryClient ...
2024-10-14T23:44:01.198+03:00  INFO 25888 --- [API-GATEWAY] [SpringApplicationShutdownHook] com.netflix.discovery.DiscoveryClient    : Unregistering ...
2024-10-14T23:44:01.215+03:00  INFO 25888 --- [API-GATEWAY] [SpringApplicationShutdownHook] com.netflix.discovery.DiscoveryClient    : DiscoveryClient_API-GATEWAY/host.docker.internal:API-GATEWAY:9091 - deregister  status: 200
2024-10-14T23:44:01.215+03:00  INFO 25888 --- [API-GATEWAY] [SpringApplicationShutdownHook] com.netflix.discovery.DiscoveryClient    : Completed shut down of DiscoveryClient
2024-10-14T23:44:04.644+03:00  INFO 3948 --- [API-GATEWAY] [main] r.b.t.TaskManagerGatewayApplication      : Starting TaskManagerGatewayApplication using Java 21.0.2 with PID 3948 (C:\Users\LenseL\Desktop\taskManagerNew\api-gateway\target\classes started by LenseL in C:\Users\LenseL\Desktop\taskManagerNew\api-gateway)
2024-10-14T23:44:04.645+03:00  INFO 3948 --- [API-GATEWAY] [main] r.b.t.TaskManagerGatewayApplication      : No active profile set, falling back to 1 default profile: "default"
2024-10-14T23:44:05.413+03:00  INFO 3948 --- [API-GATEWAY] [main] o.s.cloud.context.scope.GenericScope     : BeanFactory id=6a628274-5d2f-3402-8c95-21ee941dd031
2024-10-14T23:44:05.464+03:00  WARN 3948 --- [API-GATEWAY] [main] trationDelegate$BeanPostProcessorChecker : Bean 'org.springframework.cloud.client.loadbalancer.LoadBalancerAutoConfiguration$DeferringLoadBalancerInterceptorConfig' of type [org.springframework.cloud.client.loadbalancer.LoadBalancerAutoConfiguration$DeferringLoadBalancerInterceptorConfig] is not eligible for getting processed by all BeanPostProcessors (for example: not eligible for auto-proxying). The currently created BeanPostProcessor [lbRestClientPostProcessor] is declared through a non-static factory method on that class; consider declaring it as static instead.
2024-10-14T23:44:05.466+03:00  WARN 3948 --- [API-GATEWAY] [main] trationDelegate$BeanPostProcessorChecker : Bean 'deferringLoadBalancerInterceptor' of type [org.springframework.cloud.client.loadbalancer.DeferringLoadBalancerInterceptor] is not eligible for getting processed by all BeanPostProcessors (for example: not eligible for auto-proxying). Is this bean getting eagerly injected into a currently created BeanPostProcessor [lbRestClientPostProcessor]? Check the corresponding BeanPostProcessor declaration and its dependencies.
2024-10-14T23:44:05.467+03:00  WARN 3948 --- [API-GATEWAY] [main] trationDelegate$BeanPostProcessorChecker : Bean 'org.springframework.cloud.client.loadbalancer.reactive.LoadBalancerBeanPostProcessorAutoConfiguration' of type [org.springframework.cloud.client.loadbalancer.reactive.LoadBalancerBeanPostProcessorAutoConfiguration] is not eligible for getting processed by all BeanPostProcessors (for example: not eligible for auto-proxying). The currently created BeanPostProcessor [loadBalancerWebClientBuilderBeanPostProcessor] is declared through a non-static factory method on that class; consider declaring it as static instead.
2024-10-14T23:44:05.468+03:00  WARN 3948 --- [API-GATEWAY] [main] trationDelegate$BeanPostProcessorChecker : Bean 'org.springframework.cloud.client.loadbalancer.reactive.LoadBalancerBeanPostProcessorAutoConfiguration$ReactorDeferringLoadBalancerFilterConfig' of type [org.springframework.cloud.client.loadbalancer.reactive.LoadBalancerBeanPostProcessorAutoConfiguration$ReactorDeferringLoadBalancerFilterConfig] is not eligible for getting processed by all BeanPostProcessors (for example: not eligible for auto-proxying). Is this bean getting eagerly injected into a currently created BeanPostProcessor [loadBalancerWebClientBuilderBeanPostProcessor]? Check the corresponding BeanPostProcessor declaration and its dependencies.
2024-10-14T23:44:05.469+03:00  WARN 3948 --- [API-GATEWAY] [main] trationDelegate$BeanPostProcessorChecker : Bean 'reactorDeferringLoadBalancerExchangeFilterFunction' of type [org.springframework.cloud.client.loadbalancer.reactive.DeferringLoadBalancerExchangeFilterFunction] is not eligible for getting processed by all BeanPostProcessors (for example: not eligible for auto-proxying). Is this bean getting eagerly injected into a currently created BeanPostProcessor [loadBalancerWebClientBuilderBeanPostProcessor]? Check the corresponding BeanPostProcessor declaration and its dependencies.
2024-10-14T23:44:05.912+03:00  INFO 3948 --- [API-GATEWAY] [main] o.s.c.g.r.RouteDefinitionRouteLocator    : Loaded RoutePredicateFactory [After]
2024-10-14T23:44:05.912+03:00  INFO 3948 --- [API-GATEWAY] [main] o.s.c.g.r.RouteDefinitionRouteLocator    : Loaded RoutePredicateFactory [Before]
2024-10-14T23:44:05.913+03:00  INFO 3948 --- [API-GATEWAY] [main] o.s.c.g.r.RouteDefinitionRouteLocator    : Loaded RoutePredicateFactory [Between]
2024-10-14T23:44:05.913+03:00  INFO 3948 --- [API-GATEWAY] [main] o.s.c.g.r.RouteDefinitionRouteLocator    : Loaded RoutePredicateFactory [Cookie]
2024-10-14T23:44:05.913+03:00  INFO 3948 --- [API-GATEWAY] [main] o.s.c.g.r.RouteDefinitionRouteLocator    : Loaded RoutePredicateFactory [Header]
2024-10-14T23:44:05.913+03:00  INFO 3948 --- [API-GATEWAY] [main] o.s.c.g.r.RouteDefinitionRouteLocator    : Loaded RoutePredicateFactory [Host]
2024-10-14T23:44:05.913+03:00  INFO 3948 --- [API-GATEWAY] [main] o.s.c.g.r.RouteDefinitionRouteLocator    : Loaded RoutePredicateFactory [Method]
2024-10-14T23:44:05.913+03:00  INFO 3948 --- [API-GATEWAY] [main] o.s.c.g.r.RouteDefinitionRouteLocator    : Loaded RoutePredicateFactory [Path]
2024-10-14T23:44:05.913+03:00  INFO 3948 --- [API-GATEWAY] [main] o.s.c.g.r.RouteDefinitionRouteLocator    : Loaded RoutePredicateFactory [Query]
2024-10-14T23:44:05.913+03:00  INFO 3948 --- [API-GATEWAY] [main] o.s.c.g.r.RouteDefinitionRouteLocator    : Loaded RoutePredicateFactory [ReadBody]
2024-10-14T23:44:05.913+03:00  INFO 3948 --- [API-GATEWAY] [main] o.s.c.g.r.RouteDefinitionRouteLocator    : Loaded RoutePredicateFactory [RemoteAddr]
2024-10-14T23:44:05.913+03:00  INFO 3948 --- [API-GATEWAY] [main] o.s.c.g.r.RouteDefinitionRouteLocator    : Loaded RoutePredicateFactory [XForwardedRemoteAddr]
2024-10-14T23:44:05.913+03:00  INFO 3948 --- [API-GATEWAY] [main] o.s.c.g.r.RouteDefinitionRouteLocator    : Loaded RoutePredicateFactory [Weight]
2024-10-14T23:44:05.913+03:00  INFO 3948 --- [API-GATEWAY] [main] o.s.c.g.r.RouteDefinitionRouteLocator    : Loaded RoutePredicateFactory [CloudFoundryRouteService]
2024-10-14T23:44:06.088+03:00  INFO 3948 --- [API-GATEWAY] [main] o.s.b.a.e.web.EndpointLinksResolver      : Exposing 1 endpoint beneath base path '/actuator'
2024-10-14T23:44:06.244+03:00  INFO 3948 --- [API-GATEWAY] [main] DiscoveryClientOptionalArgsConfiguration : Eureka HTTP Client uses RestTemplate.
2024-10-14T23:44:06.257+03:00  WARN 3948 --- [API-GATEWAY] [main] iguration$LoadBalancerCaffeineWarnLogger : Spring Cloud LoadBalancer is currently working with the default cache. While this cache implementation is useful for development and tests, it's recommended to use Caffeine cache in production.You can switch to using Caffeine cache, by adding it and org.springframework.cache.caffeine.CaffeineCacheManager to the classpath.
2024-10-14T23:44:06.306+03:00  INFO 3948 --- [API-GATEWAY] [main] o.s.c.n.eureka.InstanceInfoFactory       : Setting initial instance status as: STARTING
2024-10-14T23:44:06.319+03:00  INFO 3948 --- [API-GATEWAY] [main] com.netflix.discovery.DiscoveryClient    : Initializing Eureka in region us-east-1
2024-10-14T23:44:06.322+03:00  INFO 3948 --- [API-GATEWAY] [main] c.n.d.s.r.aws.ConfigClusterResolver      : Resolving eureka endpoints via configuration
2024-10-14T23:44:06.328+03:00  INFO 3948 --- [API-GATEWAY] [main] com.netflix.discovery.DiscoveryClient    : Disable delta property : false
2024-10-14T23:44:06.328+03:00  INFO 3948 --- [API-GATEWAY] [main] com.netflix.discovery.DiscoveryClient    : Single vip registry refresh property : null
2024-10-14T23:44:06.328+03:00  INFO 3948 --- [API-GATEWAY] [main] com.netflix.discovery.DiscoveryClient    : Force full registry fetch : false
2024-10-14T23:44:06.328+03:00  INFO 3948 --- [API-GATEWAY] [main] com.netflix.discovery.DiscoveryClient    : Application is null : false
2024-10-14T23:44:06.328+03:00  INFO 3948 --- [API-GATEWAY] [main] com.netflix.discovery.DiscoveryClient    : Registered Applications size is zero : true
2024-10-14T23:44:06.328+03:00  INFO 3948 --- [API-GATEWAY] [main] com.netflix.discovery.DiscoveryClient    : Application version is -1: true
2024-10-14T23:44:06.328+03:00  INFO 3948 --- [API-GATEWAY] [main] com.netflix.discovery.DiscoveryClient    : Getting all instance registry info from the eureka server
2024-10-14T23:44:06.567+03:00  INFO 3948 --- [API-GATEWAY] [main] com.netflix.discovery.DiscoveryClient    : The response status is 200
2024-10-14T23:44:06.569+03:00  INFO 3948 --- [API-GATEWAY] [main] com.netflix.discovery.DiscoveryClient    : Starting heartbeat executor: renew interval is: 30
2024-10-14T23:44:06.570+03:00  INFO 3948 --- [API-GATEWAY] [main] c.n.discovery.InstanceInfoReplicator     : InstanceInfoReplicator onDemand update allowed rate per min is 4
2024-10-14T23:44:06.571+03:00  INFO 3948 --- [API-GATEWAY] [main] com.netflix.discovery.DiscoveryClient    : Discovery Client initialized at timestamp 1728938646571 with initial instances count: 4
2024-10-14T23:44:06.574+03:00  INFO 3948 --- [API-GATEWAY] [main] o.s.c.n.e.s.EurekaServiceRegistry        : Registering application API-GATEWAY with eureka with status UP
2024-10-14T23:44:06.574+03:00  INFO 3948 --- [API-GATEWAY] [main] com.netflix.discovery.DiscoveryClient    : Saw local status change event StatusChangeEvent [timestamp=1728938646574, current=UP, previous=STARTING]
2024-10-14T23:44:06.575+03:00  INFO 3948 --- [API-GATEWAY] [DiscoveryClient-InstanceInfoReplicator-%d] com.netflix.discovery.DiscoveryClient    : DiscoveryClient_API-GATEWAY/host.docker.internal:API-GATEWAY:9091: registering service...
2024-10-14T23:44:06.599+03:00  INFO 3948 --- [API-GATEWAY] [DiscoveryClient-InstanceInfoReplicator-%d] com.netflix.discovery.DiscoveryClient    : DiscoveryClient_API-GATEWAY/host.docker.internal:API-GATEWAY:9091 - registration status: 204
2024-10-14T23:44:06.668+03:00  INFO 3948 --- [API-GATEWAY] [main] o.s.b.web.embedded.netty.NettyWebServer  : Netty started on port 9091 (http)
2024-10-14T23:44:06.669+03:00  INFO 3948 --- [API-GATEWAY] [main] .s.c.n.e.s.EurekaAutoServiceRegistration : Updating port to 9091
2024-10-14T23:44:06.683+03:00  INFO 3948 --- [API-GATEWAY] [main] r.b.t.TaskManagerGatewayApplication      : Started TaskManagerGatewayApplication in 2.371 seconds (process running for 2.809)
2024-10-14T23:44:13.948+03:00  WARN 3948 --- [API-GATEWAY] [reactor-http-nio-3] r.b.t.filter.AuthenticationFilter        : Authorization header is missing
2024-10-14T23:44:21.055+03:00  INFO 3948 --- [API-GATEWAY] [SpringApplicationShutdownHook] o.s.c.n.e.s.EurekaServiceRegistry        : Unregistering application API-GATEWAY with eureka with status DOWN
2024-10-14T23:44:21.055+03:00  INFO 3948 --- [API-GATEWAY] [SpringApplicationShutdownHook] com.netflix.discovery.DiscoveryClient    : Saw local status change event StatusChangeEvent [timestamp=1728938661055, current=DOWN, previous=UP]
2024-10-14T23:44:21.056+03:00  INFO 3948 --- [API-GATEWAY] [DiscoveryClient-InstanceInfoReplicator-%d] com.netflix.discovery.DiscoveryClient    : DiscoveryClient_API-GATEWAY/host.docker.internal:API-GATEWAY:9091: registering service...
2024-10-14T23:44:21.075+03:00  INFO 3948 --- [API-GATEWAY] [DiscoveryClient-InstanceInfoReplicator-%d] com.netflix.discovery.DiscoveryClient    : DiscoveryClient_API-GATEWAY/host.docker.internal:API-GATEWAY:9091 - registration status: 204
2024-10-14T23:44:23.138+03:00  INFO 3948 --- [API-GATEWAY] [SpringApplicationShutdownHook] com.netflix.discovery.DiscoveryClient    : Shutting down DiscoveryClient ...
2024-10-14T23:44:26.144+03:00  INFO 3948 --- [API-GATEWAY] [SpringApplicationShutdownHook] com.netflix.discovery.DiscoveryClient    : Unregistering ...
2024-10-14T23:44:26.161+03:00  INFO 3948 --- [API-GATEWAY] [SpringApplicationShutdownHook] com.netflix.discovery.DiscoveryClient    : DiscoveryClient_API-GATEWAY/host.docker.internal:API-GATEWAY:9091 - deregister  status: 200
2024-10-14T23:44:26.161+03:00  INFO 3948 --- [API-GATEWAY] [SpringApplicationShutdownHook] com.netflix.discovery.DiscoveryClient    : Completed shut down of DiscoveryClient
